<?xml version="1.0" encoding="UTF-8"?>
<!-- Generated by org.testng.reporters.JUnitXMLReporter -->
<testsuite ignored="0" hostname="DESKTOP-516078K" failures="0" tests="6" name="Test" time="0.065" errors="0" timestamp="2021-03-08T18:53:09 IST">
  <testcase classname="qatestGroup.MavenProject.RestApiTest" name="deleteTwitter" time="0.011"/>
  <testcase classname="qatestGroup.MavenProject.RestApiTest" name="postJira" time="0.001"/>
  <testcase classname="qatestGroup.MavenProject.AppiumTest" name="IOSApps" time="0.001"/>
  <testcase classname="qatestGroup.MavenProject.AppiumTest" name="NativeAppsAndroid" time="0.001"/>
  <testcase classname="qatestGroup.MavenProject.SeleniumTest" name="BrowserAutomation" time="0.0"/>
  <testcase classname="qatestGroup.MavenProject.SeleniumTest" name="ElementsUi" time="0.001"/>
</testsuite> <!-- Test -->
