<?xml version="1.0" encoding="UTF-8"?>
<!-- Generated by org.testng.reporters.JUnitXMLReporter -->
<testsuite ignored="0" hostname="DESKTOP-516078K" failures="0" tests="4" name="Test" time="0.048" errors="0" timestamp="2021-03-09T11:45:16 IST">
  <testcase classname="qatestGroup.MavenProject.RestApiTest" name="deleteTwitter" time="0.003"/>
  <testcase classname="qatestGroup.MavenProject.RestApiTest" name="postJira" time="0.0"/>
  <testcase classname="qatestGroup.MavenProject.SeleniumTest" name="BrowserAutomation" time="0.0"/>
  <testcase classname="qatestGroup.MavenProject.SeleniumTest" name="ElementsUi" time="0.0"/>
</testsuite> <!-- Test -->
