<?xml version="1.0" encoding="UTF-8"?>
<testng-results ignored="0" total="4" passed="4" failed="0" skipped="0">
  <reporter-output>
  </reporter-output>
  <suite started-at="2021-03-09T11:45:16 IST" name="Suite" finished-at="2021-03-09T11:45:16 IST" duration-ms="48">
    <groups>
    </groups>
    <test started-at="2021-03-09T11:45:16 IST" name="Test" finished-at="2021-03-09T11:45:16 IST" duration-ms="48">
      <class name="qatestGroup.MavenProject.RestApiTest">
        <test-method signature="deleteTwitter()[pri:0, instance:qatestGroup.MavenProject.RestApiTest@1d082e88]" started-at="2021-03-09T11:45:16 IST" name="deleteTwitter" finished-at="2021-03-09T11:45:16 IST" duration-ms="3" status="PASS">
          <reporter-output>
          </reporter-output>
        </test-method> <!-- deleteTwitter -->
        <test-method signature="postJira()[pri:0, instance:qatestGroup.MavenProject.RestApiTest@1d082e88]" started-at="2021-03-09T11:45:16 IST" name="postJira" finished-at="2021-03-09T11:45:16 IST" duration-ms="0" status="PASS">
          <reporter-output>
          </reporter-output>
        </test-method> <!-- postJira -->
      </class> <!-- qatestGroup.MavenProject.RestApiTest -->
      <class name="qatestGroup.MavenProject.SeleniumTest">
        <test-method signature="BrowserAutomation()[pri:0, instance:qatestGroup.MavenProject.SeleniumTest@60dcc9fe]" started-at="2021-03-09T11:45:16 IST" name="BrowserAutomation" finished-at="2021-03-09T11:45:16 IST" duration-ms="0" status="PASS">
          <reporter-output>
          </reporter-output>
        </test-method> <!-- BrowserAutomation -->
        <test-method signature="ElementsUi()[pri:0, instance:qatestGroup.MavenProject.SeleniumTest@60dcc9fe]" started-at="2021-03-09T11:45:16 IST" name="ElementsUi" finished-at="2021-03-09T11:45:16 IST" duration-ms="0" status="PASS">
          <reporter-output>
          </reporter-output>
        </test-method> <!-- ElementsUi -->
      </class> <!-- qatestGroup.MavenProject.SeleniumTest -->
    </test> <!-- Test -->
  </suite> <!-- Suite -->
</testng-results>
