<?xml version="1.0" encoding="UTF-8"?>
<testng-results ignored="0" total="6" passed="6" failed="0" skipped="0">
  <reporter-output>
  </reporter-output>
  <suite started-at="2021-03-08T18:53:08 IST" name="Suite" finished-at="2021-03-08T18:53:09 IST" duration-ms="65">
    <groups>
    </groups>
    <test started-at="2021-03-08T18:53:08 IST" name="Test" finished-at="2021-03-08T18:53:09 IST" duration-ms="65">
      <class name="qatestGroup.MavenProject.RestApiTest">
        <test-method signature="deleteTwitter()[pri:0, instance:qatestGroup.MavenProject.RestApiTest@5ccddd20]" started-at="2021-03-08T18:53:09 IST" name="deleteTwitter" finished-at="2021-03-08T18:53:09 IST" duration-ms="11" status="PASS">
          <reporter-output>
          </reporter-output>
        </test-method> <!-- deleteTwitter -->
        <test-method signature="postJira()[pri:0, instance:qatestGroup.MavenProject.RestApiTest@5ccddd20]" started-at="2021-03-08T18:53:09 IST" name="postJira" finished-at="2021-03-08T18:53:09 IST" duration-ms="1" status="PASS">
          <reporter-output>
          </reporter-output>
        </test-method> <!-- postJira -->
      </class> <!-- qatestGroup.MavenProject.RestApiTest -->
      <class name="qatestGroup.MavenProject.AppiumTest">
        <test-method signature="IOSApps()[pri:0, instance:qatestGroup.MavenProject.AppiumTest@1ed1993a]" started-at="2021-03-08T18:53:09 IST" name="IOSApps" finished-at="2021-03-08T18:53:09 IST" duration-ms="1" status="PASS">
          <reporter-output>
          </reporter-output>
        </test-method> <!-- IOSApps -->
        <test-method signature="NativeAppsAndroid()[pri:0, instance:qatestGroup.MavenProject.AppiumTest@1ed1993a]" started-at="2021-03-08T18:53:09 IST" name="NativeAppsAndroid" finished-at="2021-03-08T18:53:09 IST" duration-ms="1" status="PASS">
          <reporter-output>
          </reporter-output>
        </test-method> <!-- NativeAppsAndroid -->
      </class> <!-- qatestGroup.MavenProject.AppiumTest -->
      <class name="qatestGroup.MavenProject.SeleniumTest">
        <test-method signature="BrowserAutomation()[pri:0, instance:qatestGroup.MavenProject.SeleniumTest@1f3f4916]" started-at="2021-03-08T18:53:09 IST" name="BrowserAutomation" finished-at="2021-03-08T18:53:09 IST" duration-ms="0" status="PASS">
          <reporter-output>
          </reporter-output>
        </test-method> <!-- BrowserAutomation -->
        <test-method signature="ElementsUi()[pri:0, instance:qatestGroup.MavenProject.SeleniumTest@1f3f4916]" started-at="2021-03-08T18:53:09 IST" name="ElementsUi" finished-at="2021-03-08T18:53:09 IST" duration-ms="1" status="PASS">
          <reporter-output>
          </reporter-output>
        </test-method> <!-- ElementsUi -->
      </class> <!-- qatestGroup.MavenProject.SeleniumTest -->
    </test> <!-- Test -->
  </suite> <!-- Suite -->
</testng-results>
